<?xml version="1.0" encoding="UTF-8"?>
<!-- Generated by org.testng.reporters.JUnitReportReporter -->
<testsuite hostname="DESKTOP-ELMNS1P" failures="0" tests="2" name="MagentoAutomation" time="8.634" errors="0" timestamp="2024-11-26T06:32:35 EET" skipped="0">
  <testcase classname="MagentoAutomation" name="addProductsToCompare" time="1.601"/>
  <testcase classname="MagentoAutomation" name="createAccount" time="7.033"/>
</testsuite> <!-- MagentoAutomation -->
